0 info it worked if it ends with ok
1 verbose cli [ '/usr/bin/nodejs', '/usr/bin/npm', 'link' ]
2 info using npm@3.8.6
3 info using node@v5.12.0
4 verbose linkPkg /var/www/html/library-dev/node-jables
5 silly gentlyRm /usr/lib/node_modules/node-jables is being purged
6 verbose gentlyRm don't care about contents; nuking /usr/lib/node_modules/node-jables
7 silly vacuum-fs purging /usr/lib/node_modules/node-jables
8 silly vacuum-fs quitting because other entries in /usr/lib/node_modules
9 verbose link build target /usr/lib/node_modules/node-jables
10 silly loadCurrentTree Starting
11 silly install loadCurrentTree
12 silly install readLocalPackageData
13 silly install normalizeTree
14 silly loadCurrentTree Finishing
15 silly loadIdealTree Starting
16 silly install loadIdealTree
17 silly cloneCurrentTree Starting
18 silly install cloneCurrentTreeToIdealTree
19 silly cloneCurrentTree Finishing
20 silly loadShrinkwrap Starting
21 silly install loadShrinkwrap
22 silly loadShrinkwrap Finishing
23 silly loadAllDepsIntoIdealTree Starting
24 silly install loadAllDepsIntoIdealTree
25 silly loadAllDepsIntoIdealTree Finishing
26 silly idealTree:prePrune node-jables@0.1.0
26 silly idealTree:prePrune ├── ansi-regex@2.0.0
26 silly idealTree:prePrune ├── cli-color@1.1.0
26 silly idealTree:prePrune ├── commander@2.9.0
26 silly idealTree:prePrune ├── d@0.1.1
26 silly idealTree:prePrune ├── es5-ext@0.10.12
26 silly idealTree:prePrune ├── es6-iterator@2.0.0
26 silly idealTree:prePrune ├── es6-symbol@3.1.0
26 silly idealTree:prePrune ├─┬ es6-weak-map@0.1.4
26 silly idealTree:prePrune │ ├── es6-iterator@0.1.3
26 silly idealTree:prePrune │ └── es6-symbol@2.0.1
26 silly idealTree:prePrune ├── event-emitter@0.3.4
26 silly idealTree:prePrune ├── graceful-readlink@1.0.1
26 silly idealTree:prePrune ├── lru-queue@0.1.0
26 silly idealTree:prePrune ├── memoizee@0.3.10
26 silly idealTree:prePrune ├── next-tick@0.2.2
26 silly idealTree:prePrune └── timers-ext@0.1.0
27 silly loadIdealTree Finishing
28 silly currentTree node-jables@0.1.0
28 silly currentTree ├── ansi-regex@2.0.0
28 silly currentTree ├── cli-color@1.1.0
28 silly currentTree ├── commander@2.9.0
28 silly currentTree ├── d@0.1.1
28 silly currentTree ├── es5-ext@0.10.12
28 silly currentTree ├── es6-iterator@2.0.0
28 silly currentTree ├── es6-symbol@3.1.0
28 silly currentTree ├─┬ es6-weak-map@0.1.4
28 silly currentTree │ ├── es6-iterator@0.1.3
28 silly currentTree │ └── es6-symbol@2.0.1
28 silly currentTree ├── event-emitter@0.3.4
28 silly currentTree ├── graceful-readlink@1.0.1
28 silly currentTree ├── lru-queue@0.1.0
28 silly currentTree ├── memoizee@0.3.10
28 silly currentTree ├── next-tick@0.2.2
28 silly currentTree └── timers-ext@0.1.0
29 silly idealTree node-jables@0.1.0
29 silly idealTree ├── ansi-regex@2.0.0
29 silly idealTree ├── cli-color@1.1.0
29 silly idealTree ├── commander@2.9.0
29 silly idealTree ├── d@0.1.1
29 silly idealTree ├── es5-ext@0.10.12
29 silly idealTree ├── es6-iterator@2.0.0
29 silly idealTree ├── es6-symbol@3.1.0
29 silly idealTree ├─┬ es6-weak-map@0.1.4
29 silly idealTree │ ├── es6-iterator@0.1.3
29 silly idealTree │ └── es6-symbol@2.0.1
29 silly idealTree ├── event-emitter@0.3.4
29 silly idealTree ├── graceful-readlink@1.0.1
29 silly idealTree ├── lru-queue@0.1.0
29 silly idealTree ├── memoizee@0.3.10
29 silly idealTree ├── next-tick@0.2.2
29 silly idealTree └── timers-ext@0.1.0
30 silly generateActionsToTake Starting
31 silly install generateActionsToTake
32 silly generateActionsToTake Finishing
33 silly diffTrees action count 0
34 silly decomposeActions action count 0
35 silly executeActions Starting
36 silly install executeActions
37 silly doSerial global-install 0
38 silly doParallel fetch 0
39 verbose correctMkdir /home/aniruddha/.npm/_locks correctMkdir not in flight; initializing
40 verbose lock using /home/aniruddha/.npm/_locks/staging-8c3f384636680df3.lock for /var/www/html/library-dev/node-jables/node_modules/.staging
41 silly doParallel extract 0
42 silly doParallel preinstall 0
43 silly doReverseSerial remove 0
44 silly doSerial move 0
45 silly doSerial finalize 0
46 silly doSerial build 0
47 silly doSerial global-link 0
48 silly doParallel update-linked 0
49 silly doSerial install 0
50 silly doSerial postinstall 0
51 verbose unlock done using /home/aniruddha/.npm/_locks/staging-8c3f384636680df3.lock for /var/www/html/library-dev/node-jables/node_modules/.staging
52 silly executeActions Finishing
53 silly rollbackFailedOptional Starting
54 silly rollbackFailedOptional Finishing
55 silly runTopLevelLifecycles Starting
56 silly install runTopLevelLifecycles
57 silly preinstall node-jables@0.1.0 /var/www/html/library-dev/node-jables/node-jables-f4b2d219
58 info lifecycle node-jables@0.1.0~preinstall: node-jables@0.1.0
59 silly lifecycle node-jables@0.1.0~preinstall: no script for preinstall, continuing
60 silly build node-jables@0.1.0
61 info linkStuff node-jables@0.1.0
62 silly linkStuff node-jables@0.1.0 has /var/www/html/library-dev as its parent node_modules
63 verbose linkBins node-jables@0.1.0
64 verbose linkMans node-jables@0.1.0
65 silly install node-jables@0.1.0 /var/www/html/library-dev/node-jables/node-jables-f4b2d219
66 info lifecycle node-jables@0.1.0~install: node-jables@0.1.0
67 silly lifecycle node-jables@0.1.0~install: no script for install, continuing
68 silly postinstall node-jables@0.1.0 /var/www/html/library-dev/node-jables/node-jables-f4b2d219
69 info lifecycle node-jables@0.1.0~postinstall: node-jables@0.1.0
70 silly lifecycle node-jables@0.1.0~postinstall: no script for postinstall, continuing
71 silly prepublish node-jables@0.1.0 /var/www/html/library-dev/node-jables/node-jables-f4b2d219
72 info lifecycle node-jables@0.1.0~prepublish: node-jables@0.1.0
73 silly lifecycle node-jables@0.1.0~prepublish: no script for prepublish, continuing
74 silly runTopLevelLifecycles Finishing
75 silly install printInstalled
76 info build /usr/lib/node_modules/node-jables
77 info linkStuff node-jables@0.1.0
78 silly linkStuff node-jables@0.1.0 has /usr/lib/node_modules as its parent node_modules
79 silly linkStuff node-jables@0.1.0 is part of a global install
80 silly linkStuff node-jables@0.1.0 is installed into a global node_modules
81 silly linkStuff node-jables@0.1.0 is installed into the top-level global node_modules
82 verbose linkBins node-jables@0.1.0
83 verbose link bins [ { 'node-jables': './node-jables/index.js' }, '/usr/bin', true ]
84 verbose linkMans node-jables@0.1.0
85 verbose stack Error: ENOENT: no such file or directory, chmod '/usr/lib/node_modules/node-jables/node-jables/index.js'
85 verbose stack     at Error (native)
86 verbose cwd /var/www/html/library-dev/node-jables
87 error Linux 4.2.0-27-generic
88 error argv "/usr/bin/nodejs" "/usr/bin/npm" "link"
89 error node v5.12.0
90 error npm  v3.8.6
91 error path /usr/lib/node_modules/node-jables/node-jables/index.js
92 error code ENOENT
93 error errno -2
94 error syscall chmod
95 error enoent ENOENT: no such file or directory, chmod '/usr/lib/node_modules/node-jables/node-jables/index.js'
96 error enoent ENOENT: no such file or directory, chmod '/usr/lib/node_modules/node-jables/node-jables/index.js'
96 error enoent This is most likely not a problem with npm itself
96 error enoent and is related to npm not being able to find a file.
97 verbose exit [ -2, true ]
